<?xml version="1.0" encoding="UTF-8"?>
<testsuite name="ohtu.laskin.LaskinTest" tests="1" skipped="0" failures="0" errors="0" timestamp="2019-10-29T19:10:42" hostname="joonas-ThinkPad-T480" time="0.008">
  <properties/>
  <testcase name="yksiSummaOikein" classname="ohtu.laskin.LaskinTest" time="0.008"/>
  <system-out><![CDATA[]]></system-out>
  <system-err><![CDATA[]]></system-err>
</testsuite>
